Using pre-set license
Built from '2020.3/staging' branch; Version is '2020.3.0f1 (c7b5465681fb) revision 13088070'; Using compiler version '192528614'; Build Type 'Release'
OS: 'Windows 10 Home Single Language; OS build 19042.867; Version 2009; 64bit' Language: 'pt' Physical Memory: 8060 MB
BatchMode: 1, IsHumanControllingUs: 0, StartBugReporterOnCrash: 0, Is64bit: 1, IsPro: 0

 COMMAND LINE ARGUMENTS:
C:\Program Files\Unity\Hub\Editor\2020.3.0f1\Editor\Unity.exe
-adb2
-batchMode
-noUpm
-name
AssetImportWorker0
-projectPath
C:/Users/Acer/Documents/GitHub/RPGT/RPGT
-logFile
Logs/AssetImportWorker0.log
-srvPort
55411
Successfully changed project path to: C:/Users/Acer/Documents/GitHub/RPGT/RPGT
C:/Users/Acer/Documents/GitHub/RPGT/RPGT
Using Asset Import Pipeline V2.
Refreshing native plugins compatible for Editor in 42.56 ms, found 0 plugins.
Preloading 0 native plugins for Editor in 0.00 ms.
Initialize engine version: 2020.3.0f1 (c7b5465681fb)
[Subsystems] Discovering subsystems at path C:/Program Files/Unity/Hub/Editor/2020.3.0f1/Editor/Data/Resources/UnitySubsystems
[Subsystems] Discovering subsystems at path C:/Users/Acer/Documents/GitHub/RPGT/RPGT/Assets
GfxDevice: creating device client; threaded=0
Direct3D:
    Version:  Direct3D 11.0 [level 11.1]
    Renderer: NVIDIA GeForce GTX 1050 (ID=0x1c8d)
    Vendor:   
    VRAM:     4021 MB
    Driver:   26.21.14.3630
Initialize mono
Mono path[0] = 'C:/Program Files/Unity/Hub/Editor/2020.3.0f1/Editor/Data/Managed'
Mono path[1] = 'C:/Program Files/Unity/Hub/Editor/2020.3.0f1/Editor/Data/MonoBleedingEdge/lib/mono/unityjit'
Mono config path = 'C:/Program Files/Unity/Hub/Editor/2020.3.0f1/Editor/Data/MonoBleedingEdge/etc'
Using monoOptions --debugger-agent=transport=dt_socket,embedding=1,server=y,suspend=n,address=127.0.0.1:56784
Begin MonoManager ReloadAssembly
Registering precompiled unity dll's ...
Register platform support module: C:/Program Files/Unity/Hub/Editor/2020.3.0f1/Editor/Data/PlaybackEngines/WindowsStandaloneSupport/UnityEditor.WindowsStandalone.Extensions.dll
Registered in 0.002504 seconds.
Native extension for WindowsStandalone target not found
Refreshing native plugins compatible for Editor in 28.72 ms, found 0 plugins.
Preloading 0 native plugins for Editor in 0.00 ms.
Invoked RoslynAnalysisRunner static constructor.
RoslynAnalysisRunner will not be running.
RoslynAnalysisRunner has terminated.
Mono: successfully reloaded assembly
- Completed reload, in  1.477 seconds
Platform modules already initialized, skipping
Registering precompiled user dll's ...
Registered in 0.000905 seconds.
Begin MonoManager ReloadAssembly
Native extension for WindowsStandalone target not found
Refreshing native plugins compatible for Editor in 0.21 ms, found 0 plugins.
Preloading 0 native plugins for Editor in 0.00 ms.
Invoked RoslynAnalysisRunner static constructor.
RoslynAnalysisRunner will not be running.
RoslynAnalysisRunner has terminated.
Mono: successfully reloaded assembly
- Completed reload, in  0.979 seconds
Platform modules already initialized, skipping
========================================================================
Worker process is ready to serve import requests
Launched and connected shader compiler UnityShaderCompiler.exe after 0.11 seconds
Refreshing native plugins compatible for Editor in 0.22 ms, found 0 plugins.
Preloading 0 native plugins for Editor in 0.00 ms.
Unloading 1158 Unused Serialized files (Serialized files now loaded: 0)
System memory in use before: 58.5 MB.
System memory in use after: 58.5 MB.

Unloading 10 unused Assets to reduce memory usage. Loaded Objects now: 1601.
Total: 2.691700 ms (FindLiveObjects: 0.244700 ms CreateObjectMapping: 0.074700 ms MarkObjects: 2.212700 ms  DeleteObjects: 0.158000 ms)

========================================================================
Received Import Request.
  path: Assets/Materials/World.mat
  artifactKey: Guid(d768f359bec829e49bed363d9d07ca9d) Importer(815301076,1909f56bfc062723c751e8b465ee728b)
Start importing Assets/Materials/World.mat using Guid(d768f359bec829e49bed363d9d07ca9d) Importer(815301076,1909f56bfc062723c751e8b465ee728b)  -> (artifact id: 'ea228011b7b7239b4ffb49e0202875c5') in 0.495027 seconds
  Import took 0.498611 seconds .

========================================================================
Received Import Request.
  Time since last request: 12.431035 seconds.
  path: Assets/Textures/atlas.png
  artifactKey: Guid(f3f683689f3ae2d4b8239fc81c7d4597) Importer(815301076,1909f56bfc062723c751e8b465ee728b)
Start importing Assets/Textures/atlas.png using Guid(f3f683689f3ae2d4b8239fc81c7d4597) Importer(815301076,1909f56bfc062723c751e8b465ee728b)  -> (artifact id: '287328822349fe6e02894d1186e93e88') in 0.049642 seconds
  Import took 0.052716 seconds .

========================================================================
Received Import Request.
  Time since last request: 14.713458 seconds.
  path: Assets/Textures/atlas.png
  artifactKey: Guid(f3f683689f3ae2d4b8239fc81c7d4597) Importer(815301076,1909f56bfc062723c751e8b465ee728b)
Start importing Assets/Textures/atlas.png using Guid(f3f683689f3ae2d4b8239fc81c7d4597) Importer(815301076,1909f56bfc062723c751e8b465ee728b)  -> (artifact id: '70a080136af2635a53464b12cee16ba1') in 0.013785 seconds
  Import took 0.016680 seconds .

========================================================================
Received Import Request.
  Time since last request: 0.011339 seconds.
  path: Assets/Textures/atlas.png
  artifactKey: Guid(f3f683689f3ae2d4b8239fc81c7d4597) Importer(815301076,1909f56bfc062723c751e8b465ee728b)
Start importing Assets/Textures/atlas.png using Guid(f3f683689f3ae2d4b8239fc81c7d4597) Importer(815301076,1909f56bfc062723c751e8b465ee728b)  -> (artifact id: '70a080136af2635a53464b12cee16ba1') in 0.008283 seconds
  Import took 0.011101 seconds .

========================================================================
Received Import Request.
  Time since last request: 17.656384 seconds.
  path: Assets/Materials/World.mat
  artifactKey: Guid(d768f359bec829e49bed363d9d07ca9d) Importer(815301076,1909f56bfc062723c751e8b465ee728b)
Start importing Assets/Materials/World.mat using Guid(d768f359bec829e49bed363d9d07ca9d) Importer(815301076,1909f56bfc062723c751e8b465ee728b)  -> (artifact id: 'b5a1bf0493fc85368106ac6e1a45daa8') in 0.022944 seconds
  Import took 0.028599 seconds .

========================================================================
Received Prepare
Registering precompiled user dll's ...
Registered in 0.000848 seconds.
Begin MonoManager ReloadAssembly
Native extension for WindowsStandalone target not found
Refreshing native plugins compatible for Editor in 0.22 ms, found 0 plugins.
Preloading 0 native plugins for Editor in 0.00 ms.
Invoked RoslynAnalysisRunner static constructor.
RoslynAnalysisRunner will not be running.
RoslynAnalysisRunner has terminated.
Mono: successfully reloaded assembly
- Completed reload, in  0.908 seconds
Platform modules already initialized, skipping
Refreshing native plugins compatible for Editor in 0.22 ms, found 0 plugins.
Preloading 0 native plugins for Editor in 0.00 ms.
Unloading 1153 Unused Serialized files (Serialized files now loaded: 0)
System memory in use before: 61.8 MB.
System memory in use after: 61.8 MB.

Unloading 5 unused Assets to reduce memory usage. Loaded Objects now: 1646.
Total: 1.985500 ms (FindLiveObjects: 0.136500 ms CreateObjectMapping: 0.039000 ms MarkObjects: 1.725700 ms  DeleteObjects: 0.082800 ms)

========================================================================
Received Import Request.
  Time since last request: 106.735344 seconds.
  path: Assets/Textures/atlas.png
  artifactKey: Guid(f3f683689f3ae2d4b8239fc81c7d4597) Importer(815301076,1909f56bfc062723c751e8b465ee728b)
Start importing Assets/Textures/atlas.png using Guid(f3f683689f3ae2d4b8239fc81c7d4597) Importer(815301076,1909f56bfc062723c751e8b465ee728b)  -> (artifact id: '184d83ee85b4918fb0082f11c41cffcd') in 0.043897 seconds
  Import took 0.048364 seconds .

========================================================================
Received Import Request.
  Time since last request: 0.011067 seconds.
  path: Assets/Textures/atlas.png
  artifactKey: Guid(f3f683689f3ae2d4b8239fc81c7d4597) Importer(815301076,1909f56bfc062723c751e8b465ee728b)
Start importing Assets/Textures/atlas.png using Guid(f3f683689f3ae2d4b8239fc81c7d4597) Importer(815301076,1909f56bfc062723c751e8b465ee728b)  -> (artifact id: '184d83ee85b4918fb0082f11c41cffcd') in 0.021723 seconds
  Import took 0.025181 seconds .

========================================================================
Received Prepare
Registering precompiled user dll's ...
Registered in 0.000901 seconds.
Begin MonoManager ReloadAssembly
Native extension for WindowsStandalone target not found
Refreshing native plugins compatible for Editor in 0.21 ms, found 0 plugins.
Preloading 0 native plugins for Editor in 0.00 ms.
Invoked RoslynAnalysisRunner static constructor.
RoslynAnalysisRunner will not be running.
RoslynAnalysisRunner has terminated.
Mono: successfully reloaded assembly
- Completed reload, in  0.921 seconds
Platform modules already initialized, skipping
Refreshing native plugins compatible for Editor in 0.23 ms, found 0 plugins.
Preloading 0 native plugins for Editor in 0.00 ms.
Unloading 1153 Unused Serialized files (Serialized files now loaded: 0)
System memory in use before: 61.8 MB.
System memory in use after: 61.9 MB.

Unloading 5 unused Assets to reduce memory usage. Loaded Objects now: 1649.
Total: 1.861100 ms (FindLiveObjects: 0.141200 ms CreateObjectMapping: 0.051500 ms MarkObjects: 1.551800 ms  DeleteObjects: 0.114900 ms)

========================================================================
Received Import Request.
  Time since last request: 77.208188 seconds.
  path: Assets/Materials/World.mat
  artifactKey: Guid(d768f359bec829e49bed363d9d07ca9d) Importer(815301076,1909f56bfc062723c751e8b465ee728b)
Start importing Assets/Materials/World.mat using Guid(d768f359bec829e49bed363d9d07ca9d) Importer(815301076,1909f56bfc062723c751e8b465ee728b)  -> (artifact id: '402a167d0ade474d7a2b46f47f07da23') in 0.066189 seconds
  Import took 0.068425 seconds .

========================================================================
Received Import Request.
  Time since last request: 1.792431 seconds.
  path: Assets/Materials/World.mat
  artifactKey: Guid(d768f359bec829e49bed363d9d07ca9d) Importer(815301076,1909f56bfc062723c751e8b465ee728b)
Start importing Assets/Materials/World.mat using Guid(d768f359bec829e49bed363d9d07ca9d) Importer(815301076,1909f56bfc062723c751e8b465ee728b)  -> (artifact id: '402a167d0ade474d7a2b46f47f07da23') in 0.009229 seconds
  Import took 0.012118 seconds .

========================================================================
Received Prepare
Registering precompiled user dll's ...
Registered in 0.001507 seconds.
Begin MonoManager ReloadAssembly
Native extension for WindowsStandalone target not found
Refreshing native plugins compatible for Editor in 0.24 ms, found 0 plugins.
Preloading 0 native plugins for Editor in 0.00 ms.
Invoked RoslynAnalysisRunner static constructor.
RoslynAnalysisRunner will not be running.
RoslynAnalysisRunner has terminated.
Mono: successfully reloaded assembly
- Completed reload, in  0.866 seconds
Platform modules already initialized, skipping
Refreshing native plugins compatible for Editor in 0.27 ms, found 0 plugins.
Preloading 0 native plugins for Editor in 0.00 ms.
Unloading 1153 Unused Serialized files (Serialized files now loaded: 0)
System memory in use before: 61.8 MB.
System memory in use after: 61.9 MB.

Unloading 5 unused Assets to reduce memory usage. Loaded Objects now: 1654.
Total: 1.769600 ms (FindLiveObjects: 0.143000 ms CreateObjectMapping: 0.041300 ms MarkObjects: 1.489000 ms  DeleteObjects: 0.094900 ms)

========================================================================
Received Import Request.
  Time since last request: 60.331302 seconds.
  path: Assets/Materials/World.mat
  artifactKey: Guid(d768f359bec829e49bed363d9d07ca9d) Importer(815301076,1909f56bfc062723c751e8b465ee728b)
Start importing Assets/Materials/World.mat using Guid(d768f359bec829e49bed363d9d07ca9d) Importer(815301076,1909f56bfc062723c751e8b465ee728b)  -> (artifact id: '871166c35f78c5649146e360f97bd605') in 0.063847 seconds
  Import took 0.065960 seconds .

========================================================================
Received Import Request.
  Time since last request: 11.498198 seconds.
  path: Assets/Materials/World.mat
  artifactKey: Guid(d768f359bec829e49bed363d9d07ca9d) Importer(815301076,1909f56bfc062723c751e8b465ee728b)
Start importing Assets/Materials/World.mat using Guid(d768f359bec829e49bed363d9d07ca9d) Importer(815301076,1909f56bfc062723c751e8b465ee728b)  -> (artifact id: '45f5ead0f2d39157c9340967f65ad3fd') in 0.013478 seconds
  Import took 0.016198 seconds .

========================================================================
Received Prepare
Registering precompiled user dll's ...
Registered in 0.000818 seconds.
Begin MonoManager ReloadAssembly
Native extension for WindowsStandalone target not found
Refreshing native plugins compatible for Editor in 0.21 ms, found 0 plugins.
Preloading 0 native plugins for Editor in 0.00 ms.
Invoked RoslynAnalysisRunner static constructor.
RoslynAnalysisRunner will not be running.
RoslynAnalysisRunner has terminated.
Mono: successfully reloaded assembly
- Completed reload, in  0.889 seconds
Platform modules already initialized, skipping
Refreshing native plugins compatible for Editor in 0.25 ms, found 0 plugins.
Preloading 0 native plugins for Editor in 0.00 ms.
Unloading 1153 Unused Serialized files (Serialized files now loaded: 0)
System memory in use before: 61.9 MB.
System memory in use after: 61.9 MB.

Unloading 5 unused Assets to reduce memory usage. Loaded Objects now: 1658.
Total: 1.785300 ms (FindLiveObjects: 0.133900 ms CreateObjectMapping: 0.036900 ms MarkObjects: 1.515600 ms  DeleteObjects: 0.097600 ms)

========================================================================
Received Prepare
Registering precompiled user dll's ...
Registered in 0.000794 seconds.
Begin MonoManager ReloadAssembly
Native extension for WindowsStandalone target not found
Refreshing native plugins compatible for Editor in 0.22 ms, found 0 plugins.
Preloading 0 native plugins for Editor in 0.00 ms.
Invoked RoslynAnalysisRunner static constructor.
RoslynAnalysisRunner will not be running.
RoslynAnalysisRunner has terminated.
Mono: successfully reloaded assembly
- Completed reload, in  0.895 seconds
Platform modules already initialized, skipping
Refreshing native plugins compatible for Editor in 0.25 ms, found 0 plugins.
Preloading 0 native plugins for Editor in 0.00 ms.
Unloading 1153 Unused Serialized files (Serialized files now loaded: 0)
System memory in use before: 61.9 MB.
System memory in use after: 61.9 MB.

Unloading 5 unused Assets to reduce memory usage. Loaded Objects now: 1661.
Total: 2.209400 ms (FindLiveObjects: 0.173900 ms CreateObjectMapping: 0.044000 ms MarkObjects: 1.862900 ms  DeleteObjects: 0.114000 ms)

========================================================================
Received Prepare
Registering precompiled user dll's ...
Registered in 0.001186 seconds.
Begin MonoManager ReloadAssembly
Native extension for WindowsStandalone target not found
Refreshing native plugins compatible for Editor in 0.25 ms, found 0 plugins.
Preloading 0 native plugins for Editor in 0.00 ms.
Invoked RoslynAnalysisRunner static constructor.
RoslynAnalysisRunner will not be running.
RoslynAnalysisRunner has terminated.
Mono: successfully reloaded assembly
- Completed reload, in  0.945 seconds
Platform modules already initialized, skipping
Refreshing native plugins compatible for Editor in 0.23 ms, found 0 plugins.
Preloading 0 native plugins for Editor in 0.00 ms.
Unloading 1153 Unused Serialized files (Serialized files now loaded: 0)
System memory in use before: 61.9 MB.
System memory in use after: 61.9 MB.

Unloading 5 unused Assets to reduce memory usage. Loaded Objects now: 1664.
Total: 1.824600 ms (FindLiveObjects: 0.188000 ms CreateObjectMapping: 0.046700 ms MarkObjects: 1.510600 ms  DeleteObjects: 0.077300 ms)

========================================================================
Received Prepare
Registering precompiled user dll's ...
Registered in 0.001008 seconds.
Begin MonoManager ReloadAssembly
Native extension for WindowsStandalone target not found
Refreshing native plugins compatible for Editor in 0.21 ms, found 0 plugins.
Preloading 0 native plugins for Editor in 0.00 ms.
Invoked RoslynAnalysisRunner static constructor.
RoslynAnalysisRunner will not be running.
RoslynAnalysisRunner has terminated.
Mono: successfully reloaded assembly
- Completed reload, in  0.886 seconds
Platform modules already initialized, skipping
Refreshing native plugins compatible for Editor in 0.26 ms, found 0 plugins.
Preloading 0 native plugins for Editor in 0.00 ms.
Unloading 1153 Unused Serialized files (Serialized files now loaded: 0)
System memory in use before: 61.9 MB.
System memory in use after: 62.0 MB.

Unloading 5 unused Assets to reduce memory usage. Loaded Objects now: 1667.
Total: 2.761100 ms (FindLiveObjects: 0.731900 ms CreateObjectMapping: 0.074400 ms MarkObjects: 1.881100 ms  DeleteObjects: 0.071700 ms)

AssetImportWorkerClient::OnTransportError - code=2 error=End of file
